0 info it worked if it ends with ok
1 verbose cli [ '/usr/local/bin/node',
1 verbose cli   '/usr/local/bin/npm',
1 verbose cli   'install',
1 verbose cli   'ejs-local' ]
2 info using npm@1.4.28
3 info using node@v0.13.0-pre
4 verbose readDependencies using package.json deps
5 verbose cache add [ 'ejs-local', null ]
6 verbose cache add name=undefined spec="ejs-local" args=["ejs-local",null]
7 verbose parsed url { protocol: null,
7 verbose parsed url   slashes: null,
7 verbose parsed url   auth: null,
7 verbose parsed url   host: null,
7 verbose parsed url   port: null,
7 verbose parsed url   hostname: null,
7 verbose parsed url   hash: null,
7 verbose parsed url   search: null,
7 verbose parsed url   query: null,
7 verbose parsed url   pathname: 'ejs-local',
7 verbose parsed url   path: 'ejs-local',
7 verbose parsed url   href: 'ejs-local' }
8 silly lockFile a5c7450e-ejs-local ejs-local
9 verbose lock ejs-local /home/edwin/.npm/a5c7450e-ejs-local.lock
10 silly lockFile a5c7450e-ejs-local ejs-local
11 silly lockFile a5c7450e-ejs-local ejs-local
12 verbose addNamed [ 'ejs-local', '' ]
13 verbose addNamed [ null, '*' ]
14 silly lockFile 81777c05-ejs-local ejs-local@
15 verbose lock ejs-local@ /home/edwin/.npm/81777c05-ejs-local.lock
16 silly addNameRange { name: 'ejs-local', range: '*', hasData: false }
17 verbose request where is /ejs-local
18 verbose request registry https://registry.npmjs.org/
19 verbose request id 074c4a223efa3bb5
20 verbose url raw /ejs-local
21 verbose url resolving [ 'https://registry.npmjs.org/', './ejs-local' ]
22 verbose url resolved https://registry.npmjs.org/ejs-local
23 verbose request where is https://registry.npmjs.org/ejs-local
24 info trying registry request attempt 1 at 22:34:34
25 http GET https://registry.npmjs.org/ejs-local
26 http 404 https://registry.npmjs.org/ejs-local
27 verbose headers { date: 'Fri, 21 Nov 2014 03:34:34 GMT',
27 verbose headers   server: 'CouchDB/1.5.0 (Erlang OTP/R16B03)',
27 verbose headers   'content-type': 'application/json',
27 verbose headers   'cache-control': 'max-age=0',
27 verbose headers   'content-length': '52',
27 verbose headers   'accept-ranges': 'bytes',
27 verbose headers   via: '1.1 varnish',
27 verbose headers   age: '0',
27 verbose headers   'x-served-by': 'cache-iad2138-IAD',
27 verbose headers   'x-cache': 'MISS',
27 verbose headers   'x-cache-hits': '0',
27 verbose headers   'x-timer': 'S1416540874.709250,VS0,VE90',
27 verbose headers   connection: 'close' }
28 silly registry.get cb [ 404,
28 silly registry.get   { date: 'Fri, 21 Nov 2014 03:34:34 GMT',
28 silly registry.get     server: 'CouchDB/1.5.0 (Erlang OTP/R16B03)',
28 silly registry.get     'content-type': 'application/json',
28 silly registry.get     'cache-control': 'max-age=0',
28 silly registry.get     'content-length': '52',
28 silly registry.get     'accept-ranges': 'bytes',
28 silly registry.get     via: '1.1 varnish',
28 silly registry.get     age: '0',
28 silly registry.get     'x-served-by': 'cache-iad2138-IAD',
28 silly registry.get     'x-cache': 'MISS',
28 silly registry.get     'x-cache-hits': '0',
28 silly registry.get     'x-timer': 'S1416540874.709250,VS0,VE90',
28 silly registry.get     connection: 'close' } ]
29 silly lockFile 81777c05-ejs-local ejs-local@
30 silly lockFile 81777c05-ejs-local ejs-local@
31 error 404 404 Not Found: ejs-local
31 error 404
31 error 404 'ejs-local' is not in the npm registry.
31 error 404 You should bug the author to publish it
31 error 404 It was specified as a dependency of 'git'
31 error 404
31 error 404 Note that you can also install from a
31 error 404 tarball, folder, or http url, or git url.
32 error System Linux 3.16.6-203.fc20.x86_64
33 error command "/usr/local/bin/node" "/usr/local/bin/npm" "install" "ejs-local"
34 error cwd /home/edwin/Documents/LOG4420/git
35 error node -v v0.13.0-pre
36 error npm -v 1.4.28
37 error code E404
38 verbose exit [ 1, true ]
